Using pre-set license
Built from '2020.3/release' branch; Version is '2020.3.7f1 (dd97f2c94397) revision 14522354'; Using compiler version '192528614'; Build Type 'Release'
OS: 'Windows 10 Home China; OS build 19043.1645; Version 2009; 64bit' Language: 'zh' Physical Memory: 8048 MB
BatchMode: 1, IsHumanControllingUs: 0, StartBugReporterOnCrash: 0, Is64bit: 1, IsPro: 0

 COMMAND LINE ARGUMENTS:
C:\Program Files\2020.3.7f1\Editor\Unity.exe
-adb2
-batchMode
-noUpm
-name
AssetImportWorker0
-projectPath
C:/Users/86137/Desktop/FFPS/FirstFPS/Creator/New Unity Project
-logFile
Logs/AssetImportWorker0.log
-srvPort
1029
Successfully changed project path to: C:/Users/86137/Desktop/FFPS/FirstFPS/Creator/New Unity Project
C:/Users/86137/Desktop/FFPS/FirstFPS/Creator/New Unity Project
Using Asset Import Pipeline V2.
Refreshing native plugins compatible for Editor in 182.05 ms, found 0 plugins.
Preloading 0 native plugins for Editor in 0.00 ms.
Initialize engine version: 2020.3.7f1 (dd97f2c94397)
[Subsystems] Discovering subsystems at path C:/Program Files/2020.3.7f1/Editor/Data/Resources/UnitySubsystems
[Subsystems] Discovering subsystems at path C:/Users/86137/Desktop/FFPS/FirstFPS/Creator/New Unity Project/Assets
GfxDevice: creating device client; threaded=0
Direct3D:
    Version:  Direct3D 11.0 [level 11.1]
    Renderer: Intel(R) UHD Graphics 620 (ID=0x3ea0)
    Vendor:   
    VRAM:     4024 MB
    Driver:   26.20.100.7985
Initialize mono
Mono path[0] = 'C:/Program Files/2020.3.7f1/Editor/Data/Managed'
Mono path[1] = 'C:/Program Files/2020.3.7f1/Editor/Data/MonoBleedingEdge/lib/mono/unityjit'
Mono config path = 'C:/Program Files/2020.3.7f1/Editor/Data/MonoBleedingEdge/etc'
Using monoOptions --debugger-agent=transport=dt_socket,embedding=1,server=y,suspend=n,address=127.0.0.1:56592
Begin MonoManager ReloadAssembly
Registering precompiled unity dll's ...
Register platform support module: C:/Program Files/2020.3.7f1/Editor/Data/PlaybackEngines/WindowsStandaloneSupport/UnityEditor.WindowsStandalone.Extensions.dll
Registered in 0.004637 seconds.
Native extension for WindowsStandalone target not found
Refreshing native plugins compatible for Editor in 70.99 ms, found 0 plugins.
Preloading 0 native plugins for Editor in 0.00 ms.
Mono: successfully reloaded assembly
- Completed reload, in  4.488 seconds
Platform modules already initialized, skipping
Registering precompiled user dll's ...
Registered in 0.009887 seconds.
Begin MonoManager ReloadAssembly
Native extension for WindowsStandalone target not found
Refreshing native plugins compatible for Editor in 1.01 ms, found 0 plugins.
Preloading 0 native plugins for Editor in 0.00 ms.
Mono: successfully reloaded assembly
- Completed reload, in  1.642 seconds
Platform modules already initialized, skipping
========================================================================
Worker process is ready to serve import requests
Launched and connected shader compiler UnityShaderCompiler.exe after 0.07 seconds
Refreshing native plugins compatible for Editor in 0.47 ms, found 0 plugins.
Preloading 0 native plugins for Editor in 0.00 ms.
Unloading 1591 Unused Serialized files (Serialized files now loaded: 0)
System memory in use before: 79.1 MB.
System memory in use after: 79.2 MB.

Unloading 33 unused Assets to reduce memory usage. Loaded Objects now: 2022.
Total: 6.513500 ms (FindLiveObjects: 0.176600 ms CreateObjectMapping: 0.059800 ms MarkObjects: 5.940000 ms  DeleteObjects: 0.335900 ms)

========================================================================
Received Import Request.
  path: Assets/Creator Kit - FPS/Scenes
  artifactKey: Guid(e4e504f2087e2f7459f85f86374b2ee4) Importer(815301076,1909f56bfc062723c751e8b465ee728b)
Start importing Assets/Creator Kit - FPS/Scenes using Guid(e4e504f2087e2f7459f85f86374b2ee4) Importer(815301076,1909f56bfc062723c751e8b465ee728b)  -> (artifact id: '509ea45e4922ba5a3f9e394cf045f6db') in 0.014990 seconds
  Import took 0.019856 seconds .

========================================================================
Received Import Request.
  Time since last request: 0.001098 seconds.
  path: Assets/Creator Kit - FPS/Scenes/ExampleScene.unity
  artifactKey: Guid(cf8af1738c3cb4b488b72c399f7898f8) Importer(815301076,1909f56bfc062723c751e8b465ee728b)
Start importing Assets/Creator Kit - FPS/Scenes/ExampleScene.unity using Guid(cf8af1738c3cb4b488b72c399f7898f8) Importer(815301076,1909f56bfc062723c751e8b465ee728b)  -> (artifact id: '5dc0b637688b4ad742707c01edfb5b14') in 0.012308 seconds
  Import took 0.015099 seconds .

========================================================================
Received Prepare
Registering precompiled user dll's ...
Registered in 0.005909 seconds.
Begin MonoManager ReloadAssembly
Native extension for WindowsStandalone target not found
Refreshing native plugins compatible for Editor in 0.44 ms, found 0 plugins.
Preloading 0 native plugins for Editor in 0.00 ms.
Mono: successfully reloaded assembly
- Completed reload, in  1.236 seconds
Platform modules already initialized, skipping
Refreshing native plugins compatible for Editor in 0.45 ms, found 0 plugins.
Preloading 0 native plugins for Editor in 0.00 ms.
Unloading 1549 Unused Serialized files (Serialized files now loaded: 0)
System memory in use before: 75.5 MB.
System memory in use after: 75.6 MB.

Unloading 24 unused Assets to reduce memory usage. Loaded Objects now: 2025.
Total: 1.982000 ms (FindLiveObjects: 0.159700 ms CreateObjectMapping: 0.054000 ms MarkObjects: 1.732100 ms  DeleteObjects: 0.034400 ms)

========================================================================
Received Import Request.
  Time since last request: 290.121620 seconds.
  path: Assets/Creator Kit - FPS/Scenes/MyScene.unity
  artifactKey: Guid(98f7e5209cfbe4048a7d6498a63db6f6) Importer(815301076,1909f56bfc062723c751e8b465ee728b)
Start importing Assets/Creator Kit - FPS/Scenes/MyScene.unity using Guid(98f7e5209cfbe4048a7d6498a63db6f6) Importer(815301076,1909f56bfc062723c751e8b465ee728b)  -> (artifact id: '625d695cff1cbd49c84dd403c2d0a063') in 0.019305 seconds
  Import took 0.023704 seconds .

========================================================================
Received Import Request.
  Time since last request: 43.493898 seconds.
  path: Assets/Creator Kit - FPS/Prefabs/Targets
  artifactKey: Guid(8994fb8bcdce62c4cb6074222fd6acbc) Importer(815301076,1909f56bfc062723c751e8b465ee728b)
Start importing Assets/Creator Kit - FPS/Prefabs/Targets using Guid(8994fb8bcdce62c4cb6074222fd6acbc) Importer(815301076,1909f56bfc062723c751e8b465ee728b)  -> (artifact id: '52f15d60dbccd8cbeac8e20e798679ee') in 0.007212 seconds
  Import took 0.010828 seconds .

========================================================================
Received Import Request.
  Time since last request: 0.049558 seconds.
  path: Assets/Creator Kit - FPS/Prefabs/Targets/BloodCellTarget.prefab
  artifactKey: Guid(126f10c54fce41d4aa610945f0da1c61) Importer(815301076,1909f56bfc062723c751e8b465ee728b)
Start importing Assets/Creator Kit - FPS/Prefabs/Targets/BloodCellTarget.prefab using Guid(126f10c54fce41d4aa610945f0da1c61) Importer(815301076,1909f56bfc062723c751e8b465ee728b)  -> (artifact id: 'd6ef3080f0ed8ccbe4c4c39cfa8a793c') in 0.562821 seconds
  Import took 0.567738 seconds .

========================================================================
Received Import Request.
  Time since last request: 0.000336 seconds.
  path: Assets/Creator Kit - FPS/Prefabs/Targets/GermSlimeTarget.prefab
  artifactKey: Guid(547e1bb5b288bc14187ab3bdf87891f6) Importer(815301076,1909f56bfc062723c751e8b465ee728b)
Start importing Assets/Creator Kit - FPS/Prefabs/Targets/GermSlimeTarget.prefab using Guid(547e1bb5b288bc14187ab3bdf87891f6) Importer(815301076,1909f56bfc062723c751e8b465ee728b)  -> (artifact id: 'be2eb35998861fdbab73e2e3e6f99b1b') in 0.332335 seconds
  Import took 0.335740 seconds .

========================================================================
Received Prepare
Registering precompiled user dll's ...
Registered in 0.007990 seconds.
Begin MonoManager ReloadAssembly
Native extension for WindowsStandalone target not found
Refreshing native plugins compatible for Editor in 1.16 ms, found 0 plugins.
Preloading 0 native plugins for Editor in 0.00 ms.
Mono: successfully reloaded assembly
- Completed reload, in  3.484 seconds
Platform modules already initialized, skipping
Refreshing native plugins compatible for Editor in 1.69 ms, found 0 plugins.
Preloading 0 native plugins for Editor in 0.00 ms.
Unloading 1549 Unused Serialized files (Serialized files now loaded: 0)
System memory in use before: 92.3 MB.
System memory in use after: 92.4 MB.

Unloading 24 unused Assets to reduce memory usage. Loaded Objects now: 2036.
Total: 5.600600 ms (FindLiveObjects: 1.195000 ms CreateObjectMapping: 0.458300 ms MarkObjects: 3.880500 ms  DeleteObjects: 0.057900 ms)

========================================================================
Received Prepare
Registering precompiled user dll's ...
Registered in 0.003409 seconds.
Begin MonoManager ReloadAssembly
Native extension for WindowsStandalone target not found
Refreshing native plugins compatible for Editor in 0.66 ms, found 0 plugins.
Preloading 0 native plugins for Editor in 0.00 ms.
Mono: successfully reloaded assembly
- Completed reload, in  1.045 seconds
Platform modules already initialized, skipping
Refreshing native plugins compatible for Editor in 0.43 ms, found 0 plugins.
Preloading 0 native plugins for Editor in 0.00 ms.
Unloading 1549 Unused Serialized files (Serialized files now loaded: 0)
System memory in use before: 92.3 MB.
System memory in use after: 92.4 MB.

Unloading 24 unused Assets to reduce memory usage. Loaded Objects now: 2039.
Total: 3.854400 ms (FindLiveObjects: 0.611400 ms CreateObjectMapping: 0.254000 ms MarkObjects: 2.956700 ms  DeleteObjects: 0.028300 ms)

========================================================================
Received Import Request.
  Time since last request: 299.569779 seconds.
  path: Assets/Creator Kit - FPS/Art/Models/Arms/Arms.fbx
  artifactKey: Guid(6da17b6fc3392da4e825d247643b1afe) Importer(815301076,1909f56bfc062723c751e8b465ee728b)
Start importing Assets/Creator Kit - FPS/Art/Models/Arms/Arms.fbx using Guid(6da17b6fc3392da4e825d247643b1afe) Importer(815301076,1909f56bfc062723c751e8b465ee728b)  -> (artifact id: 'cc020af37d5461583cad1a59c7d8fe35') in 0.663589 seconds
  Import took 0.668485 seconds .

========================================================================
Received Import Request.
  Time since last request: 0.000282 seconds.
  path: Assets/Creator Kit - FPS/Art/Models/Characters/GermSlime.FBX
  artifactKey: Guid(a148bf2bf5d309646bda1b56264c815e) Importer(815301076,1909f56bfc062723c751e8b465ee728b)
Start importing Assets/Creator Kit - FPS/Art/Models/Characters/GermSlime.FBX using Guid(a148bf2bf5d309646bda1b56264c815e) Importer(815301076,1909f56bfc062723c751e8b465ee728b)  -> (artifact id: '0213c6f1a91edf7766d328d5d1e304d0') in 0.053291 seconds
  Import took 0.058235 seconds .

========================================================================
Received Import Request.
  Time since last request: 0.000277 seconds.
  path: Assets/Creator Kit - FPS/Art/Models/Characters/GermSpike.prefab
  artifactKey: Guid(dddeda6d0629a09438dbf97ce84d81fd) Importer(815301076,1909f56bfc062723c751e8b465ee728b)
Start importing Assets/Creator Kit - FPS/Art/Models/Characters/GermSpike.prefab using Guid(dddeda6d0629a09438dbf97ce84d81fd) Importer(815301076,1909f56bfc062723c751e8b465ee728b)  -> (artifact id: '3f52b929145c6cb5bcf4f6af6d78d1c7') in 0.200049 seconds
  Import took 0.203947 seconds .

========================================================================
Received Import Request.
  Time since last request: 0.000282 seconds.
  path: Assets/Creator Kit - FPS/Art/Models/Characters/BloodCell.FBX
  artifactKey: Guid(8226672356b74174cbe023b9736222f5) Importer(815301076,1909f56bfc062723c751e8b465ee728b)
Start importing Assets/Creator Kit - FPS/Art/Models/Characters/BloodCell.FBX using Guid(8226672356b74174cbe023b9736222f5) Importer(815301076,1909f56bfc062723c751e8b465ee728b)  -> (artifact id: '835e9ea0ff296e57ee9eb8c52c286cab') in 0.043700 seconds
  Import took 0.046892 seconds .

========================================================================
Received Import Request.
  Time since last request: 0.000337 seconds.
  path: Assets/Creator Kit - FPS/Art/Models/Characters/GermSpikeModel.FBX
  artifactKey: Guid(6fd3b5c2df6073f4ea432cc9086b6f00) Importer(815301076,1909f56bfc062723c751e8b465ee728b)
Start importing Assets/Creator Kit - FPS/Art/Models/Characters/GermSpikeModel.FBX using Guid(6fd3b5c2df6073f4ea432cc9086b6f00) Importer(815301076,1909f56bfc062723c751e8b465ee728b)  -> (artifact id: 'c64f937e511e5d62b7a8c1f2319998e5') in 0.042131 seconds
  Import took 0.045360 seconds .

========================================================================
Received Prepare
Registering precompiled user dll's ...
Registered in 0.002794 seconds.
Begin MonoManager ReloadAssembly
Native extension for WindowsStandalone target not found
Refreshing native plugins compatible for Editor in 0.57 ms, found 0 plugins.
Preloading 0 native plugins for Editor in 0.00 ms.
Mono: successfully reloaded assembly
- Completed reload, in  0.983 seconds
Platform modules already initialized, skipping
Refreshing native plugins compatible for Editor in 0.46 ms, found 0 plugins.
Preloading 0 native plugins for Editor in 0.00 ms.
Unloading 1549 Unused Serialized files (Serialized files now loaded: 0)
System memory in use before: 92.6 MB.
System memory in use after: 92.7 MB.

Unloading 24 unused Assets to reduce memory usage. Loaded Objects now: 2046.
Total: 3.473800 ms (FindLiveObjects: 0.683500 ms CreateObjectMapping: 0.268300 ms MarkObjects: 2.492800 ms  DeleteObjects: 0.025000 ms)

========================================================================
Received Import Request.
  Time since last request: 488.433413 seconds.
  path: Assets/Creator Kit - FPS/Art/Models/Characters/GermSpike.prefab
  artifactKey: Guid(dddeda6d0629a09438dbf97ce84d81fd) Importer(815301076,1909f56bfc062723c751e8b465ee728b)
Start importing Assets/Creator Kit - FPS/Art/Models/Characters/GermSpike.prefab using Guid(dddeda6d0629a09438dbf97ce84d81fd) Importer(815301076,1909f56bfc062723c751e8b465ee728b)  -> (artifact id: '8c32d2c1045e78400e158a49d0b7c16d') in 0.090622 seconds
  Import took 0.094214 seconds .

========================================================================
Received Import Request.
  Time since last request: 1.050123 seconds.
  path: Assets/Creator Kit - FPS/Art/Models/Characters/GermSpike.prefab
  artifactKey: Guid(dddeda6d0629a09438dbf97ce84d81fd) Importer(815301076,1909f56bfc062723c751e8b465ee728b)
Start importing Assets/Creator Kit - FPS/Art/Models/Characters/GermSpike.prefab using Guid(dddeda6d0629a09438dbf97ce84d81fd) Importer(815301076,1909f56bfc062723c751e8b465ee728b)  -> (artifact id: 'e64642a39b1002efdbb48eed0c78f9d3') in 0.035685 seconds
  Import took 0.043965 seconds .

========================================================================
Received Import Request.
  Time since last request: 207.478247 seconds.
  path: Assets/Creator Kit - FPS/Prefabs/Targets/GermSpike.prefab
  artifactKey: Guid(fa3bc5dbde5b52641826a0931eba2ebc) Importer(815301076,1909f56bfc062723c751e8b465ee728b)
Start importing Assets/Creator Kit - FPS/Prefabs/Targets/GermSpike.prefab using Guid(fa3bc5dbde5b52641826a0931eba2ebc) Importer(815301076,1909f56bfc062723c751e8b465ee728b)  -> (artifact id: '2c476fc82ee7837e679f4fa70eba6b72') in 0.030436 seconds
  Import took 0.035563 seconds .

========================================================================
Received Import Request.
  Time since last request: 0.013326 seconds.
  path: Assets/Creator Kit - FPS/Prefabs/Targets/GermSpike.prefab
  artifactKey: Guid(fa3bc5dbde5b52641826a0931eba2ebc) Importer(815301076,1909f56bfc062723c751e8b465ee728b)
Start importing Assets/Creator Kit - FPS/Prefabs/Targets/GermSpike.prefab using Guid(fa3bc5dbde5b52641826a0931eba2ebc) Importer(815301076,1909f56bfc062723c751e8b465ee728b)  -> (artifact id: '2c476fc82ee7837e679f4fa70eba6b72') in 0.023897 seconds
  Import took 0.029187 seconds .

